Release 14.7 - xst P.20131013 (nt64)
Copyright (c) 1995-2013 Xilinx, Inc.  All rights reserved.
--> Parameter TMPDIR set to xst/projnav.tmp


Total REAL time to Xst completion: 0.00 secs
Total CPU time to Xst completion: 0.10 secs
 
--> Parameter xsthdpdir set to xst


Total REAL time to Xst completion: 0.00 secs
Total CPU time to Xst completion: 0.11 secs
 
--> Reading design: MB_demo.prj

TABLE OF CONTENTS
  1) Synthesis Options Summary
  2) HDL Parsing
  3) HDL Elaboration
  4) HDL Synthesis
       4.1) HDL Synthesis Report
  5) Advanced HDL Synthesis
       5.1) Advanced HDL Synthesis Report
  6) Low Level Synthesis
  7) Partition Report
  8) Design Summary
       8.1) Primitive and Black Box Usage
       8.2) Device utilization summary
       8.3) Partition Resource Summary
       8.4) Timing Report
            8.4.1) Clock Information
            8.4.2) Asynchronous Control Signals Information
            8.4.3) Timing Summary
            8.4.4) Timing Details
            8.4.5) Cross Clock Domains Report


=========================================================================
*                      Synthesis Options Summary                        *
=========================================================================
---- Source Parameters
Input File Name                    : "MB_demo.prj"
Ignore Synthesis Constraint File   : NO

---- Target Parameters
Output File Name                   : "MB_demo"
Output Format                      : NGC
Target Device                      : xc6slx16-2-ftg256

---- Source Options
Top Module Name                    : MB_demo
Automatic FSM Extraction           : YES
FSM Encoding Algorithm             : Auto
Safe Implementation                : No
FSM Style                          : LUT
RAM Extraction                     : Yes
RAM Style                          : Auto
ROM Extraction                     : Yes
Shift Register Extraction          : YES
ROM Style                          : Auto
Resource Sharing                   : YES
Asynchronous To Synchronous        : NO
Shift Register Minimum Size        : 2
Use DSP Block                      : Auto
Automatic Register Balancing       : No

---- Target Options
LUT Combining                      : Auto
Reduce Control Sets                : Auto
Add IO Buffers                     : YES
Global Maximum Fanout              : 100000
Add Generic Clock Buffer(BUFG)     : 16
Register Duplication               : YES
Optimize Instantiated Primitives   : NO
Use Clock Enable                   : Auto
Use Synchronous Set                : Auto
Use Synchronous Reset              : Auto
Pack IO Registers into IOBs        : Auto
Equivalent register Removal        : YES

---- General Options
Optimization Goal                  : Speed
Optimization Effort                : 1
Power Reduction                    : NO
Keep Hierarchy                     : No
Netlist Hierarchy                  : As_Optimized
RTL Output                         : Yes
Global Optimization                : AllClockNets
Read Cores                         : YES
Write Timing Constraints           : NO
Cross Clock Analysis               : NO
Hierarchy Separator                : /
Bus Delimiter                      : <>
Case Specifier                     : Maintain
Slice Utilization Ratio            : 100
BRAM Utilization Ratio             : 100
DSP48 Utilization Ratio            : 100
Auto BRAM Packing                  : NO
Slice Utilization Ratio Delta      : 5

=========================================================================


=========================================================================
*                          HDL Parsing                                  *
=========================================================================
Analyzing Verilog file "F:/FPGA_Study/MB_demo/MB_demo/mis603_soc/hdl/mis603_soc.v" into library work
Parsing module <mis603_soc>.
Parsing module <mis603_soc_proc_sys_reset_0_wrapper>.
Parsing module <mis603_soc_microblaze_0_ilmb_wrapper>.
Parsing module <mis603_soc_microblaze_0_i_bram_ctrl_wrapper>.
Parsing module <mis603_soc_microblaze_0_dlmb_wrapper>.
Parsing module <mis603_soc_microblaze_0_d_bram_ctrl_wrapper>.
Parsing module <mis603_soc_microblaze_0_bram_block_wrapper>.
Parsing module <mis603_soc_microblaze_0_wrapper>.
Parsing module <mis603_soc_debug_module_wrapper>.
Parsing module <mis603_soc_clock_generator_0_wrapper>.
Parsing module <mis603_soc_axi4lite_0_wrapper>.
Analyzing Verilog file "F:\FPGA_Study\MB_demo\MB_demo\MB_demo.v" into library work
Parsing module <MB_demo>.

=========================================================================
*                            HDL Elaboration                            *
=========================================================================

Elaborating module <MB_demo>.

Elaborating module <mis603_soc>.
WARNING:HDLCompiler:1499 - "F:/FPGA_Study/MB_demo/MB_demo/mis603_soc/hdl/mis603_soc.v" Line 5: Empty module <mis603_soc> remains a black box.

=========================================================================
*                           HDL Synthesis                               *
=========================================================================

Synthesizing Unit <MB_demo>.
    Related source file is "F:\FPGA_Study\MB_demo\MB_demo\MB_demo.v".
    Set property "BOX_TYPE = user_black_box" for instance <mis603_soc_u>.
    Summary:
	no macro.
Unit <MB_demo> synthesized.

=========================================================================
HDL Synthesis Report

Found no macro
=========================================================================

=========================================================================
*                       Advanced HDL Synthesis                          *
=========================================================================

Reading core <mis603_soc.ngc>.
Reading core <mis603_soc_proc_sys_reset_0_wrapper.ngc>.
Reading core <mis603_soc_clock_generator_0_wrapper.ngc>.
Reading core <mis603_soc_microblaze_0_ilmb_wrapper.ngc>.
Reading core <mis603_soc_microblaze_0_dlmb_wrapper.ngc>.
Reading core <mis603_soc_axi4lite_0_wrapper.ngc>.
Reading core <mis603_soc_microblaze_0_wrapper.ngc>.
Reading core <mis603_soc_microblaze_0_i_bram_ctrl_wrapper.ngc>.
Reading core <mis603_soc_microblaze_0_d_bram_ctrl_wrapper.ngc>.
Reading core <mis603_soc_debug_module_wrapper.ngc>.
Reading core <mis603_soc_microblaze_0_bram_block_wrapper.ngc>.
Loading core <mis603_soc_proc_sys_reset_0_wrapper> for timing and area information for instance <proc_sys_reset_0>.
Loading core <mis603_soc_clock_generator_0_wrapper> for timing and area information for instance <clock_generator_0>.
Loading core <mis603_soc_microblaze_0_ilmb_wrapper> for timing and area information for instance <microblaze_0_ilmb>.
Loading core <mis603_soc_microblaze_0_dlmb_wrapper> for timing and area information for instance <microblaze_0_dlmb>.
Loading core <mis603_soc_axi4lite_0_wrapper> for timing and area information for instance <axi4lite_0>.
Loading core <mis603_soc_microblaze_0_wrapper> for timing and area information for instance <microblaze_0>.
Loading core <mis603_soc_microblaze_0_i_bram_ctrl_wrapper> for timing and area information for instance <microblaze_0_i_bram_ctrl>.
Loading core <mis603_soc_microblaze_0_d_bram_ctrl_wrapper> for timing and area information for instance <microblaze_0_d_bram_ctrl>.
Loading core <mis603_soc_debug_module_wrapper> for timing and area information for instance <debug_module>.
Loading core <mis603_soc_microblaze_0_bram_block_wrapper> for timing and area information for instance <microblaze_0_bram_block>.
Loading core <mis603_soc> for timing and area information for instance <mis603_soc_u>.

=========================================================================
Advanced HDL Synthesis Report

Found no macro
=========================================================================

=========================================================================
*                         Low Level Synthesis                           *
=========================================================================

Optimizing unit <MB_demo> ...

Mapping all equations...
Building and optimizing final netlist ...
Found area constraint ratio of 100 (+ 5) on block MB_demo, actual ratio is 8.
INFO:Xst:2260 - The FF/Latch <microblaze_0/MicroBlaze_Core_I/Performance.Decode_I/wb_exception_kind_i_31> in Unit <microblaze_0> is equivalent to the following FF/Latch : <microblaze_0/MicroBlaze_Core_I/Performance.Decode_I/wb_exception_kind_i_31_1> 
INFO:Xst:2260 - The FF/Latch <microblaze_0/MicroBlaze_Core_I/Performance.Decode_I/wb_exception_kind_i_30> in Unit <microblaze_0> is equivalent to the following FF/Latch : <microblaze_0/MicroBlaze_Core_I/Performance.Decode_I/wb_exception_kind_i_30_1> 
INFO:Xst:2260 - The FF/Latch <microblaze_0/MicroBlaze_Core_I/Performance.Decode_I/wb_exception_i> in Unit <microblaze_0> is equivalent to the following FF/Latch : <microblaze_0/MicroBlaze_Core_I/Performance.Decode_I/wb_exception_i_1> 
INFO:Xst:2260 - The FF/Latch <microblaze_0/MicroBlaze_Core_I/Performance.Decode_I/wb_exception_kind_i_29> in Unit <microblaze_0> is equivalent to the following FF/Latch : <microblaze_0/MicroBlaze_Core_I/Performance.Decode_I/wb_exception_kind_i_29_1> 
INFO:Xst:2260 - The FF/Latch <microblaze_0/MicroBlaze_Core_I/Performance.Decode_I/wb_exception_kind_i_28> in Unit <microblaze_0> is equivalent to the following FF/Latch : <microblaze_0/MicroBlaze_Core_I/Performance.Decode_I/wb_exception_kind_i_28_1> 
INFO:Xst:2260 - The FF/Latch <microblaze_0/MicroBlaze_Core_I/Performance.Decode_I/wb_exception_kind_i_31> in Unit <microblaze_0> is equivalent to the following FF/Latch : <microblaze_0/MicroBlaze_Core_I/Performance.Decode_I/wb_exception_kind_i_31_1> 
INFO:Xst:2260 - The FF/Latch <microblaze_0/MicroBlaze_Core_I/Performance.Decode_I/wb_exception_kind_i_30> in Unit <microblaze_0> is equivalent to the following FF/Latch : <microblaze_0/MicroBlaze_Core_I/Performance.Decode_I/wb_exception_kind_i_30_1> 
INFO:Xst:2260 - The FF/Latch <microblaze_0/MicroBlaze_Core_I/Performance.Decode_I/wb_exception_i> in Unit <microblaze_0> is equivalent to the following FF/Latch : <microblaze_0/MicroBlaze_Core_I/Performance.Decode_I/wb_exception_i_1> 
INFO:Xst:2260 - The FF/Latch <microblaze_0/MicroBlaze_Core_I/Performance.Decode_I/wb_exception_kind_i_29> in Unit <microblaze_0> is equivalent to the following FF/Latch : <microblaze_0/MicroBlaze_Core_I/Performance.Decode_I/wb_exception_kind_i_29_1> 
INFO:Xst:2260 - The FF/Latch <microblaze_0/MicroBlaze_Core_I/Performance.Decode_I/wb_exception_kind_i_28> in Unit <microblaze_0> is equivalent to the following FF/Latch : <microblaze_0/MicroBlaze_Core_I/Performance.Decode_I/wb_exception_kind_i_28_1> 
INFO:Xst:2260 - The FF/Latch <microblaze_0/MicroBlaze_Core_I/Performance.Decode_I/wb_exception_kind_i_31> in Unit <microblaze_0> is equivalent to the following FF/Latch : <microblaze_0/MicroBlaze_Core_I/Performance.Decode_I/wb_exception_kind_i_31_1> 
INFO:Xst:2260 - The FF/Latch <microblaze_0/MicroBlaze_Core_I/Performance.Decode_I/wb_exception_kind_i_30> in Unit <microblaze_0> is equivalent to the following FF/Latch : <microblaze_0/MicroBlaze_Core_I/Performance.Decode_I/wb_exception_kind_i_30_1> 
INFO:Xst:2260 - The FF/Latch <microblaze_0/MicroBlaze_Core_I/Performance.Decode_I/wb_exception_i> in Unit <microblaze_0> is equivalent to the following FF/Latch : <microblaze_0/MicroBlaze_Core_I/Performance.Decode_I/wb_exception_i_1> 
INFO:Xst:2260 - The FF/Latch <microblaze_0/MicroBlaze_Core_I/Performance.Decode_I/wb_exception_kind_i_29> in Unit <microblaze_0> is equivalent to the following FF/Latch : <microblaze_0/MicroBlaze_Core_I/Performance.Decode_I/wb_exception_kind_i_29_1> 
INFO:Xst:2260 - The FF/Latch <microblaze_0/MicroBlaze_Core_I/Performance.Decode_I/wb_exception_kind_i_28> in Unit <microblaze_0> is equivalent to the following FF/Latch : <microblaze_0/MicroBlaze_Core_I/Performance.Decode_I/wb_exception_kind_i_28_1> 

Final Macro Processing ...

=========================================================================
Final Register Report

Found no macro
=========================================================================

=========================================================================
*                           Partition Report                            *
=========================================================================

Partition Implementation Status
-------------------------------

  No Partitions were found in this design.

-------------------------------

=========================================================================
*                            Design Summary                             *
=========================================================================

Top Level Output File Name         : MB_demo.ngc

Primitive and Black Box Usage:
------------------------------
# BELS                             : 2052
#      GND                         : 11
#      INV                         : 23
#      LUT1                        : 35
#      LUT2                        : 128
#      LUT3                        : 367
#      LUT4                        : 207
#      LUT5                        : 235
#      LUT6                        : 539
#      LUT6_2                      : 96
#      MULT_AND                    : 2
#      MUXCY                       : 18
#      MUXCY_L                     : 155
#      MUXF7                       : 120
#      VCC                         : 6
#      XORCY                       : 110
# FlipFlops/Latches                : 1797
#      FD                          : 163
#      FDC                         : 28
#      FDC_1                       : 5
#      FDCE                        : 15
#      FDE                         : 320
#      FDE_1                       : 8
#      FDP                         : 5
#      FDR                         : 608
#      FDRE                        : 603
#      FDRE_1                      : 1
#      FDS                         : 4
#      FDSE                        : 37
# RAMS                             : 20
#      RAM32M                      : 16
#      RAMB16BWER                  : 4
# Shift Registers                  : 114
#      SRL16                       : 1
#      SRL16E                      : 34
#      SRLC16E                     : 79
# Clock Buffers                    : 4
#      BUFG                        : 4
# IO Buffers                       : 2
#      IBUF                        : 2
# DSPs                             : 3
#      DSP48A1                     : 3
# Others                           : 3
#      AND2B1L                     : 1
#      BSCAN_SPARTAN6              : 1
#      PLL_ADV                     : 1

Device utilization summary:
---------------------------

Selected Device : 6slx16ftg256-2 


Slice Logic Utilization: 
 Number of Slice Registers:            1797  out of  18224     9%  
 Number of Slice LUTs:                 1808  out of   9112    19%  
    Number used as Logic:              1630  out of   9112    17%  
    Number used as Memory:              178  out of   2176     8%  
       Number used as RAM:               64
       Number used as SRL:              114

Slice Logic Distribution: 
 Number of LUT Flip Flop pairs used:   2927
   Number with an unused Flip Flop:    1130  out of   2927    38%  
   Number with an unused LUT:          1119  out of   2927    38%  
   Number of fully used LUT-FF pairs:   678  out of   2927    23%  
   Number of unique control sets:        87

IO Utilization: 
 Number of IOs:                           2
 Number of bonded IOBs:                   2  out of    186     1%  

Specific Feature Utilization:
 Number of Block RAM/FIFO:                4  out of     32    12%  
    Number using Block RAM only:          4
 Number of BUFG/BUFGCTRLs:                4  out of     16    25%  
 Number of DSP48A1s:                      3  out of     32     9%  
 Number of PLL_ADVs:                      1  out of      2    50%  

---------------------------
Partition Resource Summary:
---------------------------

  No Partitions were found in this design.

---------------------------


=========================================================================
Timing Report

NOTE: THESE TIMING NUMBERS ARE ONLY A SYNTHESIS ESTIMATE.
      FOR ACCURATE TIMING INFORMATION PLEASE REFER TO THE TRACE REPORT
      GENERATED AFTER PLACE-and-ROUTE.

Clock Information:
------------------
---------------------------------------------+--------------------------------------------------------------------------------------------------------------------------------+-------+
Clock Signal                                 | Clock buffer(FF name)                                                                                                          | Load  |
---------------------------------------------+--------------------------------------------------------------------------------------------------------------------------------+-------+
CLK                                          | PLL_ADV:CLKOUT0                                                                                                                | 1682  |
mis603_soc_u/debug_module/debug_module/drck_i| BUFG                                                                                                                           | 209   |
mis603_soc_u/debug_module/Ext_JTAG_UPDATE    | NONE(mis603_soc_u/microblaze_0/microblaze_0/MicroBlaze_Core_I/Performance.Use_Debug_Logic.Master_Core.Debug_Perf/command_reg_0)| 43    |
---------------------------------------------+--------------------------------------------------------------------------------------------------------------------------------+-------+
INFO:Xst:2169 - HDL ADVISOR - Some clock signals were not automatically buffered by XST with BUFG/BUFR resources. Please use the buffer_type constraint in order to insert these buffers to the clock signals to help prevent skew problems.

Asynchronous Control Signals Information:
----------------------------------------
No asynchronous control signals found in this design

Timing Summary:
---------------
Speed Grade: -2

   Minimum period: 18.357ns (Maximum Frequency: 54.475MHz)
   Minimum input arrival time before clock: 8.502ns
   Maximum output required time after clock: 11.582ns
   Maximum combinational path delay: No path found

Timing Details:
---------------
All values displayed in nanoseconds (ns)

=========================================================================
Timing constraint: Default period analysis for Clock 'CLK'
  Clock period: 18.357ns (frequency: 54.475MHz)
  Total number of paths / destination ports: 276049 / 4498
-------------------------------------------------------------------------
Delay:               9.179ns (Levels of Logic = 0)
  Source:            mis603_soc_u/microblaze_0/microblaze_0/MicroBlaze_Core_I/Performance.Data_Flow_I/Operand_Select_I/EX_Op2_31 (FF)
  Destination:       mis603_soc_u/microblaze_0/microblaze_0/MicroBlaze_Core_I/Performance.Data_Flow_I/MUL_Unit_I/Use_HW_MUL.Using_DSP48_Architectures.dsp_module_I1/Using_DSP48A.Normal_in_fabric.DSP48A_I1 (DSP)
  Source Clock:      CLK rising 2.0X
  Destination Clock: CLK rising 2.0X

  Data Path: mis603_soc_u/microblaze_0/microblaze_0/MicroBlaze_Core_I/Performance.Data_Flow_I/Operand_Select_I/EX_Op2_31 to mis603_soc_u/microblaze_0/microblaze_0/MicroBlaze_Core_I/Performance.Data_Flow_I/MUL_Unit_I/Use_HW_MUL.Using_DSP48_Architectures.dsp_module_I1/Using_DSP48A.Normal_in_fabric.DSP48A_I1
                                Gate     Net
    Cell:in->out      fanout   Delay   Delay  Logical Name (Net Name)
    ----------------------------------------  ------------
     FDRE:C->Q            48   0.525   1.787  microblaze_0/MicroBlaze_Core_I/Performance.Data_Flow_I/Operand_Select_I/EX_Op2_31 (microblaze_0/MicroBlaze_Core_I/Performance.Data_Flow_I/ex_op2<31>)
     DSP48A1:B0                6.867          microblaze_0/MicroBlaze_Core_I/Performance.Data_Flow_I/MUL_Unit_I/Use_HW_MUL.Using_DSP48_Architectures.dsp_module_I1/Using_DSP48A.Normal_in_fabric.DSP48A_I1
    ----------------------------------------
    Total                      9.179ns (7.392ns logic, 1.787ns route)
                                       (80.5% logic, 19.5% route)

=========================================================================
Timing constraint: Default period analysis for Clock 'mis603_soc_u/debug_module/debug_module/drck_i'
  Clock period: 8.185ns (frequency: 122.175MHz)
  Total number of paths / destination ports: 345 / 249
-------------------------------------------------------------------------
Delay:               4.093ns (Levels of Logic = 11)
  Source:            mis603_soc_u/debug_module/debug_module/MDM_Core_I1/JTAG_CONTROL_I/SYNC_FDRE (FF)
  Destination:       mis603_soc_u/microblaze_0/microblaze_0/MicroBlaze_Core_I/Performance.Use_Debug_Logic.Master_Core.Debug_Perf/shift_count_7 (FF)
  Source Clock:      mis603_soc_u/debug_module/debug_module/drck_i falling
  Destination Clock: mis603_soc_u/debug_module/debug_module/drck_i rising

  Data Path: mis603_soc_u/debug_module/debug_module/MDM_Core_I1/JTAG_CONTROL_I/SYNC_FDRE to mis603_soc_u/microblaze_0/microblaze_0/MicroBlaze_Core_I/Performance.Use_Debug_Logic.Master_Core.Debug_Perf/shift_count_7
                                Gate     Net
    Cell:in->out      fanout   Delay   Delay  Logical Name (Net Name)
    ----------------------------------------  ------------
     FDRE_1:C->Q           1   0.525   1.112  debug_module/MDM_Core_I1/JTAG_CONTROL_I/SYNC_FDRE (debug_module/MDM_Core_I1/JTAG_CONTROL_I/sync)
     LUT6:I1->O           17   0.254   1.317  debug_module/MDM_Core_I1/JTAG_CONTROL_I/Mmux_shifting_Data11 (Dbg_Shift_31)
     end scope: 'mis603_soc_u/debug_module:Dbg_Shift_0'
     begin scope: 'mis603_soc_u/microblaze_0:DBG_SHIFT'
     LUT2:I0->O            1   0.250   0.000  microblaze_0/MicroBlaze_Core_I/Performance.Use_Debug_Logic.Master_Core.Debug_Perf/Mcount_shift_count_lut<0> (microblaze_0/MicroBlaze_Core_I/Performance.Use_Debug_Logic.Master_Core.Debug_Perf/Mcount_shift_count_lut<0>)
     MUXCY:S->O            1   0.215   0.000  microblaze_0/MicroBlaze_Core_I/Performance.Use_Debug_Logic.Master_Core.Debug_Perf/Mcount_shift_count_cy<0> (microblaze_0/MicroBlaze_Core_I/Performance.Use_Debug_Logic.Master_Core.Debug_Perf/Mcount_shift_count_cy<0>)
     MUXCY:CI->O           1   0.023   0.000  microblaze_0/MicroBlaze_Core_I/Performance.Use_Debug_Logic.Master_Core.Debug_Perf/Mcount_shift_count_cy<1> (microblaze_0/MicroBlaze_Core_I/Performance.Use_Debug_Logic.Master_Core.Debug_Perf/Mcount_shift_count_cy<1>)
     MUXCY:CI->O           1   0.023   0.000  microblaze_0/MicroBlaze_Core_I/Performance.Use_Debug_Logic.Master_Core.Debug_Perf/Mcount_shift_count_cy<2> (microblaze_0/MicroBlaze_Core_I/Performance.Use_Debug_Logic.Master_Core.Debug_Perf/Mcount_shift_count_cy<2>)
     MUXCY:CI->O           1   0.023   0.000  microblaze_0/MicroBlaze_Core_I/Performance.Use_Debug_Logic.Master_Core.Debug_Perf/Mcount_shift_count_cy<3> (microblaze_0/MicroBlaze_Core_I/Performance.Use_Debug_Logic.Master_Core.Debug_Perf/Mcount_shift_count_cy<3>)
     MUXCY:CI->O           1   0.023   0.000  microblaze_0/MicroBlaze_Core_I/Performance.Use_Debug_Logic.Master_Core.Debug_Perf/Mcount_shift_count_cy<4> (microblaze_0/MicroBlaze_Core_I/Performance.Use_Debug_Logic.Master_Core.Debug_Perf/Mcount_shift_count_cy<4>)
     MUXCY:CI->O           1   0.023   0.000  microblaze_0/MicroBlaze_Core_I/Performance.Use_Debug_Logic.Master_Core.Debug_Perf/Mcount_shift_count_cy<5> (microblaze_0/MicroBlaze_Core_I/Performance.Use_Debug_Logic.Master_Core.Debug_Perf/Mcount_shift_count_cy<5>)
     MUXCY:CI->O           0   0.023   0.000  microblaze_0/MicroBlaze_Core_I/Performance.Use_Debug_Logic.Master_Core.Debug_Perf/Mcount_shift_count_cy<6> (microblaze_0/MicroBlaze_Core_I/Performance.Use_Debug_Logic.Master_Core.Debug_Perf/Mcount_shift_count_cy<6>)
     XORCY:CI->O           1   0.206   0.000  microblaze_0/MicroBlaze_Core_I/Performance.Use_Debug_Logic.Master_Core.Debug_Perf/Mcount_shift_count_xor<7> (microblaze_0/MicroBlaze_Core_I/Performance.Use_Debug_Logic.Master_Core.Debug_Perf/Mcount_shift_count7)
     FD:D                      0.074          microblaze_0/MicroBlaze_Core_I/Performance.Use_Debug_Logic.Master_Core.Debug_Perf/shift_count_7
    ----------------------------------------
    Total                      4.093ns (1.664ns logic, 2.429ns route)
                                       (40.6% logic, 59.4% route)

=========================================================================
Timing constraint: Default period analysis for Clock 'mis603_soc_u/debug_module/Ext_JTAG_UPDATE'
  Clock period: 11.574ns (frequency: 86.401MHz)
  Total number of paths / destination ports: 350 / 53
-------------------------------------------------------------------------
Delay:               5.787ns (Levels of Logic = 4)
  Source:            mis603_soc_u/debug_module/debug_module/MDM_Core_I1/JTAG_CONTROL_I/FDC_I (FF)
  Destination:       mis603_soc_u/microblaze_0/microblaze_0/MicroBlaze_Core_I/Performance.Use_Debug_Logic.Master_Core.Debug_Perf/force_stop_TClk (FF)
  Source Clock:      mis603_soc_u/debug_module/Ext_JTAG_UPDATE falling
  Destination Clock: mis603_soc_u/debug_module/Ext_JTAG_UPDATE rising

  Data Path: mis603_soc_u/debug_module/debug_module/MDM_Core_I1/JTAG_CONTROL_I/FDC_I to mis603_soc_u/microblaze_0/microblaze_0/MicroBlaze_Core_I/Performance.Use_Debug_Logic.Master_Core.Debug_Perf/force_stop_TClk
                                Gate     Net
    Cell:in->out      fanout   Delay   Delay  Logical Name (Net Name)
    ----------------------------------------  ------------
     FDC_1:C->Q           14   0.525   1.235  debug_module/MDM_Core_I1/JTAG_CONTROL_I/FDC_I (debug_module/MDM_Core_I1/JTAG_CONTROL_I/data_cmd)
     LUT2:I0->O            2   0.250   1.156  debug_module/MDM_Core_I1/JTAG_CONTROL_I/Mmux_Dbg_Reg_En_I41 (Dbg_Reg_En_0<3>)
     end scope: 'mis603_soc_u/debug_module:Dbg_Reg_En_0<3>'
     begin scope: 'mis603_soc_u/microblaze_0:DBG_REG_EN<3>'
     LUT5:I0->O            4   0.254   0.804  microblaze_0/MicroBlaze_Core_I/Performance.Use_Debug_Logic.Master_Core.Debug_Perf/Mmux_GND_254_o_PWR_117_o_MUX_5031_o111 (microblaze_0/MicroBlaze_Core_I/Performance.Use_Debug_Logic.Master_Core.Debug_Perf/Mmux_GND_254_o_PWR_117_o_MUX_5031_o11)
     LUT4:I3->O           10   0.254   1.007  microblaze_0/MicroBlaze_Core_I/Performance.Use_Debug_Logic.Master_Core.Debug_Perf/Control_Reg_En<0>1 (microblaze_0/MicroBlaze_Core_I/Performance.Use_Debug_Logic.Master_Core.Debug_Perf/Control_Reg_En)
     FDCE:CE                   0.302          microblaze_0/MicroBlaze_Core_I/Performance.Use_Debug_Logic.Master_Core.Debug_Perf/single_Step_TClk
    ----------------------------------------
    Total                      5.787ns (1.585ns logic, 4.202ns route)
                                       (27.4% logic, 72.6% route)

=========================================================================
Timing constraint: Default OFFSET IN BEFORE for Clock 'CLK'
  Total number of paths / destination ports: 8 / 8
-------------------------------------------------------------------------
Offset:              2.382ns (Levels of Logic = 3)
  Source:            RESET (PAD)
  Destination:       mis603_soc_u/proc_sys_reset_0/proc_sys_reset_0/EXT_LPF/exr_d1 (FF)
  Destination Clock: CLK rising 2.0X

  Data Path: RESET to mis603_soc_u/proc_sys_reset_0/proc_sys_reset_0/EXT_LPF/exr_d1
                                Gate     Net
    Cell:in->out      fanout   Delay   Delay  Logical Name (Net Name)
    ----------------------------------------  ------------
     IBUF:I->O             2   1.328   0.726  RESET_IBUF (RESET_IBUF)
     begin scope: 'mis603_soc_u:RESET'
     begin scope: 'mis603_soc_u/proc_sys_reset_0:Ext_Reset_In'
     LUT2:I1->O            1   0.254   0.000  proc_sys_reset_0/EXT_LPF/External_System_Reset_MB_Debug_Sys_Rst_OR_8_o1 (proc_sys_reset_0/EXT_LPF/External_System_Reset_MB_Debug_Sys_Rst_OR_8_o)
     FD:D                      0.074          proc_sys_reset_0/EXT_LPF/exr_d1
    ----------------------------------------
    Total                      2.382ns (1.656ns logic, 0.726ns route)
                                       (69.5% logic, 30.5% route)

=========================================================================
Timing constraint: Default OFFSET IN BEFORE for Clock 'mis603_soc_u/debug_module/debug_module/drck_i'
  Total number of paths / destination ports: 182 / 126
-------------------------------------------------------------------------
Offset:              3.752ns (Levels of Logic = 11)
  Source:            mis603_soc_u/debug_module/debug_module/Use_Spartan6.BSCAN_SPARTAN6_I:SHIFT (PAD)
  Destination:       mis603_soc_u/microblaze_0/microblaze_0/MicroBlaze_Core_I/Performance.Use_Debug_Logic.Master_Core.Debug_Perf/shift_count_7 (FF)
  Destination Clock: mis603_soc_u/debug_module/debug_module/drck_i rising

  Data Path: mis603_soc_u/debug_module/debug_module/Use_Spartan6.BSCAN_SPARTAN6_I:SHIFT to mis603_soc_u/microblaze_0/microblaze_0/MicroBlaze_Core_I/Performance.Use_Debug_Logic.Master_Core.Debug_Perf/shift_count_7
                                Gate     Net
    Cell:in->out      fanout   Delay   Delay  Logical Name (Net Name)
    ----------------------------------------  ------------
    BSCAN_SPARTAN6:SHIFT    5   0.000   1.296  debug_module/Use_Spartan6.BSCAN_SPARTAN6_I (Ext_JTAG_SHIFT)
     LUT6:I0->O           17   0.254   1.317  debug_module/MDM_Core_I1/JTAG_CONTROL_I/Mmux_shifting_Data11 (Dbg_Shift_31)
     end scope: 'mis603_soc_u/debug_module:Dbg_Shift_0'
     begin scope: 'mis603_soc_u/microblaze_0:DBG_SHIFT'
     LUT2:I0->O            1   0.250   0.000  microblaze_0/MicroBlaze_Core_I/Performance.Use_Debug_Logic.Master_Core.Debug_Perf/Mcount_shift_count_lut<0> (microblaze_0/MicroBlaze_Core_I/Performance.Use_Debug_Logic.Master_Core.Debug_Perf/Mcount_shift_count_lut<0>)
     MUXCY:S->O            1   0.215   0.000  microblaze_0/MicroBlaze_Core_I/Performance.Use_Debug_Logic.Master_Core.Debug_Perf/Mcount_shift_count_cy<0> (microblaze_0/MicroBlaze_Core_I/Performance.Use_Debug_Logic.Master_Core.Debug_Perf/Mcount_shift_count_cy<0>)
     MUXCY:CI->O           1   0.023   0.000  microblaze_0/MicroBlaze_Core_I/Performance.Use_Debug_Logic.Master_Core.Debug_Perf/Mcount_shift_count_cy<1> (microblaze_0/MicroBlaze_Core_I/Performance.Use_Debug_Logic.Master_Core.Debug_Perf/Mcount_shift_count_cy<1>)
     MUXCY:CI->O           1   0.023   0.000  microblaze_0/MicroBlaze_Core_I/Performance.Use_Debug_Logic.Master_Core.Debug_Perf/Mcount_shift_count_cy<2> (microblaze_0/MicroBlaze_Core_I/Performance.Use_Debug_Logic.Master_Core.Debug_Perf/Mcount_shift_count_cy<2>)
     MUXCY:CI->O           1   0.023   0.000  microblaze_0/MicroBlaze_Core_I/Performance.Use_Debug_Logic.Master_Core.Debug_Perf/Mcount_shift_count_cy<3> (microblaze_0/MicroBlaze_Core_I/Performance.Use_Debug_Logic.Master_Core.Debug_Perf/Mcount_shift_count_cy<3>)
     MUXCY:CI->O           1   0.023   0.000  microblaze_0/MicroBlaze_Core_I/Performance.Use_Debug_Logic.Master_Core.Debug_Perf/Mcount_shift_count_cy<4> (microblaze_0/MicroBlaze_Core_I/Performance.Use_Debug_Logic.Master_Core.Debug_Perf/Mcount_shift_count_cy<4>)
     MUXCY:CI->O           1   0.023   0.000  microblaze_0/MicroBlaze_Core_I/Performance.Use_Debug_Logic.Master_Core.Debug_Perf/Mcount_shift_count_cy<5> (microblaze_0/MicroBlaze_Core_I/Performance.Use_Debug_Logic.Master_Core.Debug_Perf/Mcount_shift_count_cy<5>)
     MUXCY:CI->O           0   0.023   0.000  microblaze_0/MicroBlaze_Core_I/Performance.Use_Debug_Logic.Master_Core.Debug_Perf/Mcount_shift_count_cy<6> (microblaze_0/MicroBlaze_Core_I/Performance.Use_Debug_Logic.Master_Core.Debug_Perf/Mcount_shift_count_cy<6>)
     XORCY:CI->O           1   0.206   0.000  microblaze_0/MicroBlaze_Core_I/Performance.Use_Debug_Logic.Master_Core.Debug_Perf/Mcount_shift_count_xor<7> (microblaze_0/MicroBlaze_Core_I/Performance.Use_Debug_Logic.Master_Core.Debug_Perf/Mcount_shift_count7)
     FD:D                      0.074          microblaze_0/MicroBlaze_Core_I/Performance.Use_Debug_Logic.Master_Core.Debug_Perf/shift_count_7
    ----------------------------------------
    Total                      3.752ns (1.139ns logic, 2.613ns route)
                                       (30.3% logic, 69.7% route)

=========================================================================
Timing constraint: Default OFFSET IN BEFORE for Clock 'mis603_soc_u/debug_module/Ext_JTAG_UPDATE'
  Total number of paths / destination ports: 29 / 29
-------------------------------------------------------------------------
Offset:              8.502ns (Levels of Logic = 6)
  Source:            mis603_soc_u/debug_module/debug_module/Use_Spartan6.BSCAN_SPARTAN6_I:SEL (PAD)
  Destination:       mis603_soc_u/debug_module/debug_module/MDM_Core_I1/JTAG_CONTROL_I/FDC_I (FF)
  Destination Clock: mis603_soc_u/debug_module/Ext_JTAG_UPDATE falling

  Data Path: mis603_soc_u/debug_module/debug_module/Use_Spartan6.BSCAN_SPARTAN6_I:SEL to mis603_soc_u/debug_module/debug_module/MDM_Core_I1/JTAG_CONTROL_I/FDC_I
                                Gate     Net
    Cell:in->out      fanout   Delay   Delay  Logical Name (Net Name)
    ----------------------------------------  ------------
    BSCAN_SPARTAN6:SEL     8   0.000   1.052  debug_module/Use_Spartan6.BSCAN_SPARTAN6_I (debug_module/sel)
     LUT5:I3->O            1   0.250   0.958  debug_module/MDM_Core_I1/JTAG_CONTROL_I/_n01281 (debug_module/MDM_Core_I1/JTAG_CONTROL_I/_n0128)
     LUT4:I0->O            1   0.254   0.958  debug_module/MDM_Core_I1/JTAG_CONTROL_I/Insert_Delays[0].LUT_Delay (debug_module/MDM_Core_I1/JTAG_CONTROL_I/Insert_Delays[0].local_sel_n)
     LUT4:I0->O            1   0.254   0.958  debug_module/MDM_Core_I1/JTAG_CONTROL_I/Insert_Delays[1].LUT_Delay (debug_module/MDM_Core_I1/JTAG_CONTROL_I/Insert_Delays[1].local_sel_n)
     LUT4:I0->O            1   0.254   0.958  debug_module/MDM_Core_I1/JTAG_CONTROL_I/Insert_Delays[2].LUT_Delay (debug_module/MDM_Core_I1/JTAG_CONTROL_I/Insert_Delays[2].local_sel_n)
     LUT4:I0->O            1   0.254   0.958  debug_module/MDM_Core_I1/JTAG_CONTROL_I/Insert_Delays[3].LUT_Delay (debug_module/MDM_Core_I1/JTAG_CONTROL_I/Insert_Delays[3].local_sel_n)
     LUT4:I0->O            1   0.254   0.681  debug_module/MDM_Core_I1/JTAG_CONTROL_I/Insert_Delays[4].LUT_Delay (debug_module/MDM_Core_I1/JTAG_CONTROL_I/Insert_Delays[4].local_sel_n)
     FDC_1:CLR                 0.459          debug_module/MDM_Core_I1/JTAG_CONTROL_I/FDC_I
    ----------------------------------------
    Total                      8.502ns (1.979ns logic, 6.523ns route)
                                       (23.3% logic, 76.7% route)

=========================================================================
Timing constraint: Default OFFSET OUT AFTER for Clock 'CLK'
  Total number of paths / destination ports: 16 / 2
-------------------------------------------------------------------------
Offset:              5.415ns (Levels of Logic = 7)
  Source:            mis603_soc_u/microblaze_0_d_bram_ctrl/microblaze_0_d_bram_ctrl/Sl_Rdy (FF)
  Destination:       mis603_soc_u/microblaze_0/microblaze_0/MicroBlaze_Core_I/Performance.Use_DLMB.Using_Latch_AS_Logic.AND2B1L_I1:DI (PAD)
  Source Clock:      CLK rising 2.0X

  Data Path: mis603_soc_u/microblaze_0_d_bram_ctrl/microblaze_0_d_bram_ctrl/Sl_Rdy to mis603_soc_u/microblaze_0/microblaze_0/MicroBlaze_Core_I/Performance.Use_DLMB.Using_Latch_AS_Logic.AND2B1L_I1:DI
                                Gate     Net
    Cell:in->out      fanout   Delay   Delay  Logical Name (Net Name)
    ----------------------------------------  ------------
     FDR:C->Q              1   0.525   0.790  microblaze_0_d_bram_ctrl/Sl_Rdy (microblaze_0_d_bram_ctrl/Sl_Rdy)
     LUT2:I0->O            4   0.250   0.912  microblaze_0_d_bram_ctrl/Sl_Ready_i1 (Sl_Ready)
     end scope: 'mis603_soc_u/microblaze_0_d_bram_ctrl:Sl_Ready'
     begin scope: 'mis603_soc_u/microblaze_0_dlmb:Sl_Ready<0>'
     end scope: 'mis603_soc_u/microblaze_0_dlmb:LMB_Ready'
     begin scope: 'mis603_soc_u/microblaze_0:DREADY'
     LUT2:I0->O            1   0.250   0.000  microblaze_0/MicroBlaze_Core_I/Performance.mem_databus_ready_sel_carry_or/Using_FPGA.A_N1 (microblaze_0/MicroBlaze_Core_I/Performance.mem_databus_ready_sel_carry_or/Using_FPGA.A_N)
     MUXCY_L:S->LO         1   0.215   0.000  microblaze_0/MicroBlaze_Core_I/Performance.mem_databus_ready_sel_carry_or/Using_FPGA.MUXCY_I (microblaze_0/MicroBlaze_Core_I/Performance.mem_databus_ready)
     MUXCY_L:CI->LO        1   0.023   0.000  microblaze_0/MicroBlaze_Core_I/Performance.Decode_I/mem_wait_on_ready_N_carry_or/Using_FPGA.MUXCY_I (microblaze_0/MicroBlaze_Core_I/Performance.Decode_I/mem_wait_on_ready_N)
     MUXCY_L:CI->LO      237   0.023   2.426  microblaze_0/MicroBlaze_Core_I/Performance.Decode_I/mem_PipeRun_carry_and/Using_FPGA.MUXCY_I (Trace_MEM_PipeRun)
    AND2B1L:DI                 0.000          microblaze_0/MicroBlaze_Core_I/Performance.Use_DLMB.Using_Latch_AS_Logic.AND2B1L_I1
    ----------------------------------------
    Total                      5.415ns (1.286ns logic, 4.128ns route)
                                       (23.8% logic, 76.2% route)

=========================================================================
Timing constraint: Default OFFSET OUT AFTER for Clock 'mis603_soc_u/debug_module/Ext_JTAG_UPDATE'
  Total number of paths / destination ports: 49 / 1
-------------------------------------------------------------------------
Offset:              7.962ns (Levels of Logic = 8)
  Source:            mis603_soc_u/debug_module/debug_module/MDM_Core_I1/JTAG_CONTROL_I/FDC_I (FF)
  Destination:       mis603_soc_u/debug_module/debug_module/Use_Spartan6.BSCAN_SPARTAN6_I:TDO (PAD)
  Source Clock:      mis603_soc_u/debug_module/Ext_JTAG_UPDATE falling

  Data Path: mis603_soc_u/debug_module/debug_module/MDM_Core_I1/JTAG_CONTROL_I/FDC_I to mis603_soc_u/debug_module/debug_module/Use_Spartan6.BSCAN_SPARTAN6_I:TDO
                                Gate     Net
    Cell:in->out      fanout   Delay   Delay  Logical Name (Net Name)
    ----------------------------------------  ------------
     FDC_1:C->Q           14   0.525   1.235  debug_module/MDM_Core_I1/JTAG_CONTROL_I/FDC_I (debug_module/MDM_Core_I1/JTAG_CONTROL_I/data_cmd)
     LUT2:I0->O            7   0.250   0.910  debug_module/MDM_Core_I1/JTAG_CONTROL_I/Mmux_Dbg_Reg_En_I81 (Dbg_Reg_En_0<7>)
     end scope: 'mis603_soc_u/debug_module:Dbg_Reg_En_0<7>'
     begin scope: 'mis603_soc_u/microblaze_0:DBG_REG_EN<7>'
     LUT6:I5->O            1   0.254   0.790  microblaze_0/MicroBlaze_Core_I/Performance.Use_Debug_Logic.Master_Core.Debug_Perf/Mmux_TDO1215 (microblaze_0/MicroBlaze_Core_I/Performance.Use_Debug_Logic.Master_Core.Debug_Perf/Mmux_TDO1214)
     LUT6:I4->O            1   0.250   0.910  microblaze_0/MicroBlaze_Core_I/Performance.Use_Debug_Logic.Master_Core.Debug_Perf/Mmux_TDO1223 (microblaze_0/MicroBlaze_Core_I/Performance.Use_Debug_Logic.Master_Core.Debug_Perf/Mmux_TDO1222)
     LUT3:I0->O            1   0.235   1.137  microblaze_0/MicroBlaze_Core_I/Performance.Use_Debug_Logic.Master_Core.Debug_Perf/Mmux_TDO1224 (DBG_TDO)
     end scope: 'mis603_soc_u/microblaze_0:DBG_TDO'
     begin scope: 'mis603_soc_u/debug_module:Dbg_TDO_0'
     LUT6:I0->O            1   0.254   0.958  debug_module/MDM_Core_I1/Mmux_TDO_i13 (debug_module/MDM_Core_I1/Mmux_TDO_i12)
     LUT5:I1->O            0   0.254   0.000  debug_module/MDM_Core_I1/Mmux_TDO_i16 (debug_module/tdo)
    BSCAN_SPARTAN6:TDO         0.000          debug_module/Use_Spartan6.BSCAN_SPARTAN6_I
    ----------------------------------------
    Total                      7.962ns (2.022ns logic, 5.940ns route)
                                       (25.4% logic, 74.6% route)

=========================================================================
Timing constraint: Default OFFSET OUT AFTER for Clock 'mis603_soc_u/debug_module/debug_module/drck_i'
  Total number of paths / destination ports: 199 / 1
-------------------------------------------------------------------------
Offset:              11.582ns (Levels of Logic = 9)
  Source:            mis603_soc_u/microblaze_0/microblaze_0/MicroBlaze_Core_I/Performance.Use_Debug_Logic.Master_Core.Debug_Perf/shift_count_3 (FF)
  Destination:       mis603_soc_u/debug_module/debug_module/Use_Spartan6.BSCAN_SPARTAN6_I:TDO (PAD)
  Source Clock:      mis603_soc_u/debug_module/debug_module/drck_i rising

  Data Path: mis603_soc_u/microblaze_0/microblaze_0/MicroBlaze_Core_I/Performance.Use_Debug_Logic.Master_Core.Debug_Perf/shift_count_3 to mis603_soc_u/debug_module/debug_module/Use_Spartan6.BSCAN_SPARTAN6_I:TDO
                                Gate     Net
    Cell:in->out      fanout   Delay   Delay  Logical Name (Net Name)
    ----------------------------------------  ------------
     FD:C->Q              30   0.525   1.917  microblaze_0/MicroBlaze_Core_I/Performance.Use_Debug_Logic.Master_Core.Debug_Perf/shift_count_3 (microblaze_0/MicroBlaze_Core_I/Performance.Use_Debug_Logic.Master_Core.Debug_Perf/shift_count<3>)
     LUT5:I0->O            1   0.254   1.112  microblaze_0/MicroBlaze_Core_I/Performance.Use_Debug_Logic.Master_Core.Debug_Perf/Mmux_TDO125 (microblaze_0/MicroBlaze_Core_I/Performance.Use_Debug_Logic.Master_Core.Debug_Perf/Mmux_TDO124)
     LUT6:I1->O            1   0.254   1.112  microblaze_0/MicroBlaze_Core_I/Performance.Use_Debug_Logic.Master_Core.Debug_Perf/Mmux_TDO126 (microblaze_0/MicroBlaze_Core_I/Performance.Use_Debug_Logic.Master_Core.Debug_Perf/Mmux_TDO125)
     LUT6:I1->O            1   0.254   1.112  microblaze_0/MicroBlaze_Core_I/Performance.Use_Debug_Logic.Master_Core.Debug_Perf/Mmux_TDO127 (microblaze_0/MicroBlaze_Core_I/Performance.Use_Debug_Logic.Master_Core.Debug_Perf/Mmux_TDO126)
     LUT6:I1->O            1   0.254   0.790  microblaze_0/MicroBlaze_Core_I/Performance.Use_Debug_Logic.Master_Core.Debug_Perf/Mmux_TDO1215 (microblaze_0/MicroBlaze_Core_I/Performance.Use_Debug_Logic.Master_Core.Debug_Perf/Mmux_TDO1214)
     LUT6:I4->O            1   0.250   0.910  microblaze_0/MicroBlaze_Core_I/Performance.Use_Debug_Logic.Master_Core.Debug_Perf/Mmux_TDO1223 (microblaze_0/MicroBlaze_Core_I/Performance.Use_Debug_Logic.Master_Core.Debug_Perf/Mmux_TDO1222)
     LUT3:I0->O            1   0.235   1.137  microblaze_0/MicroBlaze_Core_I/Performance.Use_Debug_Logic.Master_Core.Debug_Perf/Mmux_TDO1224 (DBG_TDO)
     end scope: 'mis603_soc_u/microblaze_0:DBG_TDO'
     begin scope: 'mis603_soc_u/debug_module:Dbg_TDO_0'
     LUT6:I0->O            1   0.254   0.958  debug_module/MDM_Core_I1/Mmux_TDO_i13 (debug_module/MDM_Core_I1/Mmux_TDO_i12)
     LUT5:I1->O            0   0.254   0.000  debug_module/MDM_Core_I1/Mmux_TDO_i16 (debug_module/tdo)
    BSCAN_SPARTAN6:TDO         0.000          debug_module/Use_Spartan6.BSCAN_SPARTAN6_I
    ----------------------------------------
    Total                     11.582ns (2.534ns logic, 9.048ns route)
                                       (21.9% logic, 78.1% route)

=========================================================================

Cross Clock Domains Report:
--------------------------

Clock to Setup on destination clock CLK
---------------------------------------------+---------+---------+---------+---------+
                                             | Src:Rise| Src:Fall| Src:Rise| Src:Fall|
Source Clock                                 |Dest:Rise|Dest:Rise|Dest:Fall|Dest:Fall|
---------------------------------------------+---------+---------+---------+---------+
CLK                                          |    9.179|         |         |         |
mis603_soc_u/debug_module/Ext_JTAG_UPDATE    |    4.371|    3.446|         |         |
mis603_soc_u/debug_module/debug_module/drck_i|    5.178|         |         |         |
---------------------------------------------+---------+---------+---------+---------+

Clock to Setup on destination clock mis603_soc_u/debug_module/Ext_JTAG_UPDATE
---------------------------------------------+---------+---------+---------+---------+
                                             | Src:Rise| Src:Fall| Src:Rise| Src:Fall|
Source Clock                                 |Dest:Rise|Dest:Rise|Dest:Fall|Dest:Fall|
---------------------------------------------+---------+---------+---------+---------+
CLK                                          |    2.723|         |         |         |
mis603_soc_u/debug_module/Ext_JTAG_UPDATE    |         |    5.787|    9.385|         |
mis603_soc_u/debug_module/debug_module/drck_i|    1.439|         |         |         |
---------------------------------------------+---------+---------+---------+---------+

Clock to Setup on destination clock mis603_soc_u/debug_module/debug_module/drck_i
---------------------------------------------+---------+---------+---------+---------+
                                             | Src:Rise| Src:Fall| Src:Rise| Src:Fall|
Source Clock                                 |Dest:Rise|Dest:Rise|Dest:Fall|Dest:Fall|
---------------------------------------------+---------+---------+---------+---------+
CLK                                          |    6.150|         |         |         |
mis603_soc_u/debug_module/Ext_JTAG_UPDATE    |         |    5.808|    3.344|         |
mis603_soc_u/debug_module/debug_module/drck_i|    2.860|    4.093|    3.740|         |
---------------------------------------------+---------+---------+---------+---------+

=========================================================================


Total REAL time to Xst completion: 10.00 secs
Total CPU time to Xst completion: 10.05 secs
 
--> 

Total memory usage is 292752 kilobytes

Number of errors   :    0 (   0 filtered)
Number of warnings :    1 (   0 filtered)
Number of infos    :   16 (   0 filtered)

